Using pre-set license
Built from '2022.3/staging' branch; Version is '2022.3.8f1 (b5eafc012955) revision 11922172'; Using compiler version '192829333'; Build Type 'Release'
OS: 'Windows 11  (10.0.22621) 64bit Education' Language: 'en' Physical Memory: 16197 MB
BatchMode: 1, IsHumanControllingUs: 0, StartBugReporterOnCrash: 0, Is64bit: 1, IsPro: 1

COMMAND LINE ARGUMENTS:
C:\Program Files\Unity\Hub\Editor\2022.3.8f1\Editor\Unity.exe
-adb2
-batchMode
-noUpm
-name
AssetImportWorker4
-projectPath
C:/Users/david.mikulic/MazeRoller
-logFile
Logs/AssetImportWorker4.log
-srvPort
55748
Successfully changed project path to: C:/Users/david.mikulic/MazeRoller
C:/Users/david.mikulic/MazeRoller
[UnityMemory] Configuration Parameters - Can be set up in boot.config
    "memorysetup-bucket-allocator-granularity=16"
    "memorysetup-bucket-allocator-bucket-count=8"
    "memorysetup-bucket-allocator-block-size=33554432"
    "memorysetup-bucket-allocator-block-count=8"
    "memorysetup-main-allocator-block-size=16777216"
    "memorysetup-thread-allocator-block-size=16777216"
    "memorysetup-gfx-main-allocator-block-size=16777216"
    "memorysetup-gfx-thread-allocator-block-size=16777216"
    "memorysetup-cache-allocator-block-size=4194304"
    "memorysetup-typetree-allocator-block-size=2097152"
    "memorysetup-profiler-bucket-allocator-granularity=16"
    "memorysetup-profiler-bucket-allocator-bucket-count=8"
    "memorysetup-profiler-bucket-allocator-block-size=33554432"
    "memorysetup-profiler-bucket-allocator-block-count=8"
    "memorysetup-profiler-allocator-block-size=16777216"
    "memorysetup-profiler-editor-allocator-block-size=1048576"
    "memorysetup-temp-allocator-size-main=16777216"
    "memorysetup-job-temp-allocator-block-size=2097152"
    "memorysetup-job-temp-allocator-block-size-background=1048576"
    "memorysetup-job-temp-allocator-reduction-small-platforms=262144"
    "memorysetup-allocator-temp-initial-block-size-main=262144"
    "memorysetup-allocator-temp-initial-block-size-worker=262144"
    "memorysetup-temp-allocator-size-background-worker=32768"
    "memorysetup-temp-allocator-size-job-worker=262144"
    "memorysetup-temp-allocator-size-preload-manager=33554432"
    "memorysetup-temp-allocator-size-nav-mesh-worker=65536"
    "memorysetup-temp-allocator-size-audio-worker=65536"
    "memorysetup-temp-allocator-size-cloud-worker=32768"
    "memorysetup-temp-allocator-size-gi-baking-worker=262144"
    "memorysetup-temp-allocator-size-gfx=262144"
Player connection [7920] Host "[IP] 10.80.148.39 [Port] 0 [Flags] 2 [Guid] 2908038562 [EditorId] 2908038562 [Version] 1048832 [Id] WindowsEditor(7,DESKTOP-9B4OEKJ) [Debug] 1 [PackageName] WindowsEditor [ProjectName] Editor" joined multi-casting on [225.0.0.222:54997]...

Player connection [7920] Host "[IP] 10.80.148.39 [Port] 0 [Flags] 2 [Guid] 2908038562 [EditorId] 2908038562 [Version] 1048832 [Id] WindowsEditor(7,DESKTOP-9B4OEKJ) [Debug] 1 [PackageName] WindowsEditor [ProjectName] Editor" joined alternative multi-casting on [225.0.0.222:34997]...

[Physics::Module] Initialized MultithreadedJobDispatcher with 19 workers.
Refreshing native plugins compatible for Editor in 6.85 ms, found 3 plugins.
Preloading 0 native plugins for Editor in 0.00 ms.
Initialize engine version: 2022.3.8f1 (b5eafc012955)
[Subsystems] Discovering subsystems at path C:/Program Files/Unity/Hub/Editor/2022.3.8f1/Editor/Data/Resources/UnitySubsystems
[Subsystems] Discovering subsystems at path C:/Users/david.mikulic/MazeRoller/Assets
GfxDevice: creating device client; threaded=0; jobified=0
Direct3D:
    Version:  Direct3D 11.0 [level 11.1]
    Renderer: NVIDIA GeForce RTX 3060 (ID=0x2504)
    Vendor:   NVIDIA
    VRAM:     12143 MB
    Driver:   30.0.14.7212
Initialize mono
Mono path[0] = 'C:/Program Files/Unity/Hub/Editor/2022.3.8f1/Editor/Data/Managed'
Mono path[1] = 'C:/Program Files/Unity/Hub/Editor/2022.3.8f1/Editor/Data/MonoBleedingEdge/lib/mono/unityjit-win32'
Mono config path = 'C:/Program Files/Unity/Hub/Editor/2022.3.8f1/Editor/Data/MonoBleedingEdge/etc'
Using monoOptions --debugger-agent=transport=dt_socket,embedding=1,server=y,suspend=n,address=127.0.0.1:56924
Begin MonoManager ReloadAssembly
Registering precompiled unity dll's ...
Register platform support module: C:/Program Files/Unity/Hub/Editor/2022.3.8f1/Editor/Data/PlaybackEngines/WindowsStandaloneSupport/UnityEditor.WindowsStandalone.Extensions.dll
Registered in 0.003309 seconds.
- Loaded All Assemblies, in  0.234 seconds
Native extension for WindowsStandalone target not found
Mono: successfully reloaded assembly
- Finished resetting the current domain, in  0.166 seconds
Domain Reload Profiling: 399ms
	BeginReloadAssembly (75ms)
		ExecutionOrderSort (0ms)
		DisableScriptedObjects (0ms)
		BackupInstance (0ms)
		ReleaseScriptingObjects (0ms)
		CreateAndSetChildDomain (0ms)
	RebuildCommonClasses (21ms)
	RebuildNativeTypeToScriptingClass (6ms)
	initialDomainReloadingComplete (36ms)
	LoadAllAssembliesAndSetupDomain (95ms)
		LoadAssemblies (74ms)
		RebuildTransferFunctionScriptingTraits (0ms)
		AnalyzeDomain (94ms)
			TypeCache.Refresh (92ms)
				TypeCache.ScanAssembly (82ms)
			ScanForSourceGeneratedMonoScriptInfo (0ms)
			ResolveRequiredComponents (0ms)
	FinalizeReload (167ms)
		ReleaseScriptCaches (0ms)
		RebuildScriptCaches (0ms)
		SetupLoadedEditorAssemblies (124ms)
			LogAssemblyErrors (0ms)
			InitializePlatformSupportModulesInManaged (7ms)
			SetLoadedEditorAssemblies (6ms)
			RefreshPlugins (0ms)
			BeforeProcessingInitializeOnLoad (2ms)
			ProcessInitializeOnLoadAttributes (79ms)
			ProcessInitializeOnLoadMethodAttributes (30ms)
			AfterProcessingInitializeOnLoad (0ms)
			EditorAssembliesLoaded (0ms)
		ExecutionOrderSort2 (0ms)
		AwakeInstancesAfterBackupRestoration (0ms)
========================================================================
Worker process is ready to serve import requests
Begin MonoManager ReloadAssembly
- Loaded All Assemblies, in  0.418 seconds
Refreshing native plugins compatible for Editor in 1.93 ms, found 3 plugins.
Native extension for WindowsStandalone target not found
Package Manager log level set to [2]
[Package Manager] Server::EnsureServerProcessIsRunning -- launch failed, reason: Unity was launched with the -noUpm command-line argument
[Package Manager] UpmClient::Send -- Unable to send message (not connected to UPM process).
[Package Manager] Cannot connect to Unity Package Manager local server
Mono: successfully reloaded assembly
- Finished resetting the current domain, in  0.437 seconds
Domain Reload Profiling: 854ms
	BeginReloadAssembly (97ms)
		ExecutionOrderSort (0ms)
		DisableScriptedObjects (3ms)
		BackupInstance (0ms)
		ReleaseScriptingObjects (0ms)
		CreateAndSetChildDomain (15ms)
	RebuildCommonClasses (18ms)
	RebuildNativeTypeToScriptingClass (6ms)
	initialDomainReloadingComplete (23ms)
	LoadAllAssembliesAndSetupDomain (272ms)
		LoadAssemblies (212ms)
		RebuildTransferFunctionScriptingTraits (0ms)
		AnalyzeDomain (112ms)
			TypeCache.Refresh (96ms)
				TypeCache.ScanAssembly (86ms)
			ScanForSourceGeneratedMonoScriptInfo (9ms)
			ResolveRequiredComponents (5ms)
	FinalizeReload (437ms)
		ReleaseScriptCaches (0ms)
		RebuildScriptCaches (0ms)
		SetupLoadedEditorAssemblies (346ms)
			LogAssemblyErrors (0ms)
			InitializePlatformSupportModulesInManaged (3ms)
			SetLoadedEditorAssemblies (3ms)
			RefreshPlugins (0ms)
			BeforeProcessingInitializeOnLoad (57ms)
			ProcessInitializeOnLoadAttributes (270ms)
			ProcessInitializeOnLoadMethodAttributes (11ms)
			AfterProcessingInitializeOnLoad (3ms)
			EditorAssembliesLoaded (0ms)
		ExecutionOrderSort2 (0ms)
		AwakeInstancesAfterBackupRestoration (3ms)
Launched and connected shader compiler UnityShaderCompiler.exe after 0.04 seconds
Refreshing native plugins compatible for Editor in 3.46 ms, found 3 plugins.
Preloading 0 native plugins for Editor in 0.00 ms.
Unloading 3509 Unused Serialized files (Serialized files now loaded: 0)
Unloading 50 unused Assets / (63.2 KB). Loaded Objects now: 3961.
Memory consumption went from 127.3 MB to 127.3 MB.
Total: 3.601100 ms (FindLiveObjects: 0.343400 ms CreateObjectMapping: 0.107300 ms MarkObjects: 2.972500 ms  DeleteObjects: 0.176100 ms)

AssetImportParameters requested are different than current active one (requested -> active):
  custom:container-demuxer-ogg: 62fdf1f143b41e24485cea50d1cbac27 -> 
  custom:scripting/monoscript/fileName/GameManager.cs: f6182d712e34e20e3202214886862cdb -> 9933fbcc6190e2a9171c2ec8808a053e
  custom:video-codec-MediaFoundation-h265: 746d11721c4dcdbdad8f713fa42b33f4 -> 
  custom:video-decoder-ogg-theora: a1e56fd34408186e4bbccfd4996cb3dc -> 
  custom:scripting/monoscript/fileName/BallController.cs: 44441e984e22abd6eb3c44f80d41f4ff -> 8b2843f8e95c9276f203892e4a3e84a7
  custom:framework-win-MediaFoundation: 216162199b28c13a410421893ffa2e32 -> 
  custom:CustomObjectIndexerAttribute: 756ad292c208cfabdd7b50bc23989ffe -> 
  custom:container-demuxer-webm: 4f35f7cbe854078d1ac9338744f61a02 -> 
  custom:container-muxer-webm: aa71ff27fc2769a1b78a27578f13a17b -> 
  custom:video-decoder-webm-vp8: 9c59270c3fd7afecdb556c50c9e8de78 -> 
  custom:SearchIndexIgnoredProperties: e643bd26f0fe6173181afceb89e7c659 -> 
  custom:AudioImporter_EditorPlatform: d09bf68614088b80899f8185d706f6e7 -> 
  custom:scripting/monoscript/fileName/Trigger.cs: 53e2caecaa2865db36bb77d3d4775d3d -> 8f3e6f863b6cc36e752f3a66a14d0686
  custom:video-encoder-webm-vp8: eb34c28f22e8b96e1ab97ce403110664 -> 
  custom:audio-decoder-ogg-vorbis: bf7c407c2cedff20999df2af8eb42d56 -> 
  custom:audio-encoder-webm-vorbis: bf7c407c2cedff20999df2af8eb42d56 -> 
========================================================================
Received Import Request.
  Time since last request: 183513.858505 seconds.
  path: Assets/Resources/MazeRoller Map.prefab
  artifactKey: Guid(5fc9df2479c192544993b8bfbb18e347) Importer(815301076,1909f56bfc062723c751e8b465ee728b)
Start importing Assets/Resources/MazeRoller Map.prefab using Guid(5fc9df2479c192544993b8bfbb18e347) Importer(815301076,1909f56bfc062723c751e8b465ee728b)  -> (artifact id: 'd99cce820a1158927b724fc235b28d45') in 0.072996 seconds
Number of updated asset objects reloaded before import = 0
Number of asset objects unloaded after import = 83
========================================================================
Received Import Request.
  Time since last request: 86.668714 seconds.
  path: Assets/Resources/MazeInput.inputactions
  artifactKey: Guid(376e0b7cce7837c46b1a82205264cf81) Importer(815301076,1909f56bfc062723c751e8b465ee728b)
Start importing Assets/Resources/MazeInput.inputactions using Guid(376e0b7cce7837c46b1a82205264cf81) Importer(815301076,1909f56bfc062723c751e8b465ee728b)  -> (artifact id: 'dfb968265a265eddbd84192ffaf87fd9') in 0.003901 seconds
Number of updated asset objects reloaded before import = 0
Number of asset objects unloaded after import = 12
========================================================================
Received Import Request.
  Time since last request: 0.967897 seconds.
  path: Assets/Resources/MazeInput.inputactions
  artifactKey: Guid(376e0b7cce7837c46b1a82205264cf81) Importer(2089858483,0ecaa5967403d082aa24f35e1b516d23)
Start importing Assets/Resources/MazeInput.inputactions using Guid(376e0b7cce7837c46b1a82205264cf81) Importer(2089858483,0ecaa5967403d082aa24f35e1b516d23) Generated GUIDs only implemented for interfaces!
 -> (artifact id: 'f55f19deea234f8e034faab9dd0e76bf') in 0.075210 seconds
Number of updated asset objects reloaded before import = 0
Number of asset objects unloaded after import = 13
========================================================================
Received Import Request.
  Time since last request: 17.118073 seconds.
  path: Assets/Resources/MazeRoller Map.prefab
  artifactKey: Guid(5fc9df2479c192544993b8bfbb18e347) Importer(815301076,1909f56bfc062723c751e8b465ee728b)
Start importing Assets/Resources/MazeRoller Map.prefab using Guid(5fc9df2479c192544993b8bfbb18e347) Importer(815301076,1909f56bfc062723c751e8b465ee728b)  -> (artifact id: '902359c7faab95176a1ef2c8e7b01ad7') in 0.006459 seconds
Number of updated asset objects reloaded before import = 0
Number of asset objects unloaded after import = 83
========================================================================
Received Import Request.
  Time since last request: 141.641270 seconds.
  path: Assets/Resources/MazeRoller Map.prefab
  artifactKey: Guid(5fc9df2479c192544993b8bfbb18e347) Importer(815301076,1909f56bfc062723c751e8b465ee728b)
Start importing Assets/Resources/MazeRoller Map.prefab using Guid(5fc9df2479c192544993b8bfbb18e347) Importer(815301076,1909f56bfc062723c751e8b465ee728b)  -> (artifact id: '61f9dd2a3946eb8801b4d82b1a375434') in 0.007070 seconds
Number of updated asset objects reloaded before import = 0
Number of asset objects unloaded after import = 80
========================================================================
Received Import Request.
  Time since last request: 0.972236 seconds.
  path: Assets/Resources/MazeRoller Map.prefab
  artifactKey: Guid(5fc9df2479c192544993b8bfbb18e347) Importer(2089858483,0ecaa5967403d082aa24f35e1b516d23)
Start importing Assets/Resources/MazeRoller Map.prefab using Guid(5fc9df2479c192544993b8bfbb18e347) Importer(2089858483,0ecaa5967403d082aa24f35e1b516d23) Generated GUIDs only implemented for interfaces!
 -> (artifact id: '4dd2fe076eefe1d6418e77a5655a8bec') in 0.031766 seconds
Number of updated asset objects reloaded before import = 0
Number of asset objects unloaded after import = 62
========================================================================
Received Import Request.
  Time since last request: 48.777689 seconds.
  path: Assets/Resources/MazeRoller Map.prefab
  artifactKey: Guid(5fc9df2479c192544993b8bfbb18e347) Importer(815301076,1909f56bfc062723c751e8b465ee728b)
Start importing Assets/Resources/MazeRoller Map.prefab using Guid(5fc9df2479c192544993b8bfbb18e347) Importer(815301076,1909f56bfc062723c751e8b465ee728b)  -> (artifact id: '9f3c25dbf07800b2f051a94a7d6c12a6') in 0.007269 seconds
Number of updated asset objects reloaded before import = 0
Number of asset objects unloaded after import = 80
========================================================================
Received Import Request.
  Time since last request: 1.028955 seconds.
  path: Assets/Scripts/MazeController.cs
  artifactKey: Guid(7527fe4a859eb954b9edceb60aee650b) Importer(2089858483,0ecaa5967403d082aa24f35e1b516d23)
Start importing Assets/Scripts/MazeController.cs using Guid(7527fe4a859eb954b9edceb60aee650b) Importer(2089858483,0ecaa5967403d082aa24f35e1b516d23) Generated GUIDs only implemented for interfaces!
 -> (artifact id: 'f58ef4aa0ca2a15eb22f31f9f56faa45') in 0.011262 seconds
Number of updated asset objects reloaded before import = 0
Number of asset objects unloaded after import = 1
========================================================================
Received Prepare
Begin MonoManager ReloadAssembly
- Loaded All Assemblies, in  0.424 seconds
Refreshing native plugins compatible for Editor in 1.98 ms, found 3 plugins.
Native extension for WindowsStandalone target not found
[Package Manager] Server::EnsureServerProcessIsRunning -- launch failed, reason: Unity was launched with the -noUpm command-line argument
[Package Manager] UpmClient::Send -- Unable to send message (not connected to UPM process).
[Package Manager] Cannot connect to Unity Package Manager local server
Mono: successfully reloaded assembly
- Finished resetting the current domain, in  0.544 seconds
Domain Reload Profiling: 965ms
	BeginReloadAssembly (109ms)
		ExecutionOrderSort (0ms)
		DisableScriptedObjects (3ms)
		BackupInstance (0ms)
		ReleaseScriptingObjects (0ms)
		CreateAndSetChildDomain (27ms)
	RebuildCommonClasses (23ms)
	RebuildNativeTypeToScriptingClass (6ms)
	initialDomainReloadingComplete (26ms)
	LoadAllAssembliesAndSetupDomain (255ms)
		LoadAssemblies (291ms)
		RebuildTransferFunctionScriptingTraits (0ms)
		AnalyzeDomain (20ms)
			TypeCache.Refresh (8ms)
				TypeCache.ScanAssembly (0ms)
			ScanForSourceGeneratedMonoScriptInfo (7ms)
			ResolveRequiredComponents (3ms)
	FinalizeReload (544ms)
		ReleaseScriptCaches (0ms)
		RebuildScriptCaches (0ms)
		SetupLoadedEditorAssemblies (330ms)
			LogAssemblyErrors (0ms)
			InitializePlatformSupportModulesInManaged (3ms)
			SetLoadedEditorAssemblies (3ms)
			RefreshPlugins (0ms)
			BeforeProcessingInitializeOnLoad (57ms)
			ProcessInitializeOnLoadAttributes (249ms)
			ProcessInitializeOnLoadMethodAttributes (11ms)
			AfterProcessingInitializeOnLoad (6ms)
			EditorAssembliesLoaded (0ms)
		ExecutionOrderSort2 (0ms)
		AwakeInstancesAfterBackupRestoration (6ms)
Refreshing native plugins compatible for Editor in 3.21 ms, found 3 plugins.
Preloading 0 native plugins for Editor in 0.00 ms.
Unloading 3488 Unused Serialized files (Serialized files now loaded: 0)
Unloading 34 unused Assets / (37.5 KB). Loaded Objects now: 3973.
Memory consumption went from 127.5 MB to 127.5 MB.
Total: 3.914600 ms (FindLiveObjects: 0.289000 ms CreateObjectMapping: 0.097600 ms MarkObjects: 3.476100 ms  DeleteObjects: 0.050800 ms)

Prepare: number of updated asset objects reloaded= 0
AssetImportParameters requested are different than current active one (requested -> active):
  custom:container-demuxer-ogg: 62fdf1f143b41e24485cea50d1cbac27 -> 
  custom:scripting/monoscript/fileName/GameManager.cs: f6182d712e34e20e3202214886862cdb -> 9933fbcc6190e2a9171c2ec8808a053e
  custom:video-codec-MediaFoundation-h265: 746d11721c4dcdbdad8f713fa42b33f4 -> 
  custom:video-decoder-ogg-theora: a1e56fd34408186e4bbccfd4996cb3dc -> 
  custom:scripting/monoscript/fileName/BallController.cs: 44441e984e22abd6eb3c44f80d41f4ff -> 8b2843f8e95c9276f203892e4a3e84a7
  custom:framework-win-MediaFoundation: 216162199b28c13a410421893ffa2e32 -> 
  custom:CustomObjectIndexerAttribute: 756ad292c208cfabdd7b50bc23989ffe -> 
  custom:container-demuxer-webm: 4f35f7cbe854078d1ac9338744f61a02 -> 
  custom:container-muxer-webm: aa71ff27fc2769a1b78a27578f13a17b -> 
  custom:video-decoder-webm-vp8: 9c59270c3fd7afecdb556c50c9e8de78 -> 
  custom:SearchIndexIgnoredProperties: e643bd26f0fe6173181afceb89e7c659 -> 
  custom:AudioImporter_EditorPlatform: d09bf68614088b80899f8185d706f6e7 -> 
  custom:scripting/monoscript/fileName/Trigger.cs: 53e2caecaa2865db36bb77d3d4775d3d -> 8f3e6f863b6cc36e752f3a66a14d0686
  custom:video-encoder-webm-vp8: eb34c28f22e8b96e1ab97ce403110664 -> 
  custom:audio-decoder-ogg-vorbis: bf7c407c2cedff20999df2af8eb42d56 -> 
  custom:audio-encoder-webm-vorbis: bf7c407c2cedff20999df2af8eb42d56 -> 
========================================================================
Received Import Request.
  Time since last request: 12.656877 seconds.
  path: Assets/Resources/MazeRoller Map.prefab
  artifactKey: Guid(5fc9df2479c192544993b8bfbb18e347) Importer(815301076,1909f56bfc062723c751e8b465ee728b)
Start importing Assets/Resources/MazeRoller Map.prefab using Guid(5fc9df2479c192544993b8bfbb18e347) Importer(815301076,1909f56bfc062723c751e8b465ee728b)  -> (artifact id: 'c11ea3a388dc38ca3b2fb877cdedc39c') in 0.039346 seconds
Number of updated asset objects reloaded before import = 0
Number of asset objects unloaded after import = 80
========================================================================
Received Prepare
Begin MonoManager ReloadAssembly
- Loaded All Assemblies, in  0.339 seconds
Refreshing native plugins compatible for Editor in 2.05 ms, found 3 plugins.
Native extension for WindowsStandalone target not found
[Package Manager] Server::EnsureServerProcessIsRunning -- launch failed, reason: Unity was launched with the -noUpm command-line argument
[Package Manager] UpmClient::Send -- Unable to send message (not connected to UPM process).
[Package Manager] Cannot connect to Unity Package Manager local server
Mono: successfully reloaded assembly
- Finished resetting the current domain, in  0.525 seconds
Domain Reload Profiling: 863ms
	BeginReloadAssembly (137ms)
		ExecutionOrderSort (0ms)
		DisableScriptedObjects (7ms)
		BackupInstance (0ms)
		ReleaseScriptingObjects (0ms)
		CreateAndSetChildDomain (41ms)
	RebuildCommonClasses (22ms)
	RebuildNativeTypeToScriptingClass (6ms)
	initialDomainReloadingComplete (16ms)
	LoadAllAssembliesAndSetupDomain (156ms)
		LoadAssemblies (197ms)
		RebuildTransferFunctionScriptingTraits (0ms)
		AnalyzeDomain (17ms)
			TypeCache.Refresh (7ms)
				TypeCache.ScanAssembly (0ms)
			ScanForSourceGeneratedMonoScriptInfo (7ms)
			ResolveRequiredComponents (3ms)
	FinalizeReload (526ms)
		ReleaseScriptCaches (0ms)
		RebuildScriptCaches (0ms)
		SetupLoadedEditorAssemblies (316ms)
			LogAssemblyErrors (0ms)
			InitializePlatformSupportModulesInManaged (3ms)
			SetLoadedEditorAssemblies (3ms)
			RefreshPlugins (0ms)
			BeforeProcessingInitializeOnLoad (58ms)
			ProcessInitializeOnLoadAttributes (239ms)
			ProcessInitializeOnLoadMethodAttributes (9ms)
			AfterProcessingInitializeOnLoad (3ms)
			EditorAssembliesLoaded (0ms)
		ExecutionOrderSort2 (0ms)
		AwakeInstancesAfterBackupRestoration (3ms)
Refreshing native plugins compatible for Editor in 2.04 ms, found 3 plugins.
Preloading 0 native plugins for Editor in 0.00 ms.
Unloading 3488 Unused Serialized files (Serialized files now loaded: 0)
Unloading 34 unused Assets / (36.4 KB). Loaded Objects now: 3976.
Memory consumption went from 127.5 MB to 127.5 MB.
Total: 3.481000 ms (FindLiveObjects: 0.231700 ms CreateObjectMapping: 0.089400 ms MarkObjects: 3.110900 ms  DeleteObjects: 0.048100 ms)

Prepare: number of updated asset objects reloaded= 0
AssetImportParameters requested are different than current active one (requested -> active):
  custom:container-demuxer-ogg: 62fdf1f143b41e24485cea50d1cbac27 -> 
  custom:scripting/monoscript/fileName/GameManager.cs: f6182d712e34e20e3202214886862cdb -> 9933fbcc6190e2a9171c2ec8808a053e
  custom:video-codec-MediaFoundation-h265: 746d11721c4dcdbdad8f713fa42b33f4 -> 
  custom:video-decoder-ogg-theora: a1e56fd34408186e4bbccfd4996cb3dc -> 
  custom:scripting/monoscript/fileName/BallController.cs: 44441e984e22abd6eb3c44f80d41f4ff -> 8b2843f8e95c9276f203892e4a3e84a7
  custom:framework-win-MediaFoundation: 216162199b28c13a410421893ffa2e32 -> 
  custom:CustomObjectIndexerAttribute: 756ad292c208cfabdd7b50bc23989ffe -> 
  custom:container-demuxer-webm: 4f35f7cbe854078d1ac9338744f61a02 -> 
  custom:container-muxer-webm: aa71ff27fc2769a1b78a27578f13a17b -> 
  custom:video-decoder-webm-vp8: 9c59270c3fd7afecdb556c50c9e8de78 -> 
  custom:SearchIndexIgnoredProperties: e643bd26f0fe6173181afceb89e7c659 -> 
  custom:AudioImporter_EditorPlatform: d09bf68614088b80899f8185d706f6e7 -> 
  custom:scripting/monoscript/fileName/Trigger.cs: 53e2caecaa2865db36bb77d3d4775d3d -> 8f3e6f863b6cc36e752f3a66a14d0686
  custom:video-encoder-webm-vp8: eb34c28f22e8b96e1ab97ce403110664 -> 
  custom:audio-decoder-ogg-vorbis: bf7c407c2cedff20999df2af8eb42d56 -> 
  custom:audio-encoder-webm-vorbis: bf7c407c2cedff20999df2af8eb42d56 -> 
========================================================================
Received Import Request.
  Time since last request: 3.324611 seconds.
  path: Assets/Resources/MazeRoller Map.prefab
  artifactKey: Guid(5fc9df2479c192544993b8bfbb18e347) Importer(815301076,1909f56bfc062723c751e8b465ee728b)
Start importing Assets/Resources/MazeRoller Map.prefab using Guid(5fc9df2479c192544993b8bfbb18e347) Importer(815301076,1909f56bfc062723c751e8b465ee728b)  -> (artifact id: 'e1959a0018c963000839ba4ab25f4b8c') in 0.039261 seconds
Number of updated asset objects reloaded before import = 0
Number of asset objects unloaded after import = 80
========================================================================
Received Import Request.
  Time since last request: 0.169286 seconds.
  path: Assets/Resources/MazeRoller Map.prefab
  artifactKey: Guid(5fc9df2479c192544993b8bfbb18e347) Importer(815301076,1909f56bfc062723c751e8b465ee728b)
Start importing Assets/Resources/MazeRoller Map.prefab using Guid(5fc9df2479c192544993b8bfbb18e347) Importer(815301076,1909f56bfc062723c751e8b465ee728b)  -> (artifact id: '34c3645bbf5eae08891edc7d4a09e7ba') in 0.005323 seconds
Number of updated asset objects reloaded before import = 0
Number of asset objects unloaded after import = 80
========================================================================
Received Import Request.
  Time since last request: 27.347394 seconds.
  path: Assets/Resources/MazeRoller Map.prefab
  artifactKey: Guid(5fc9df2479c192544993b8bfbb18e347) Importer(815301076,1909f56bfc062723c751e8b465ee728b)
Start importing Assets/Resources/MazeRoller Map.prefab using Guid(5fc9df2479c192544993b8bfbb18e347) Importer(815301076,1909f56bfc062723c751e8b465ee728b)  -> (artifact id: '642cfa42c53d98df5ca7dcc72dc324b3') in 0.006049 seconds
Number of updated asset objects reloaded before import = 0
Number of asset objects unloaded after import = 80
========================================================================
Received Prepare
Begin MonoManager ReloadAssembly
- Loaded All Assemblies, in  0.293 seconds
Refreshing native plugins compatible for Editor in 2.05 ms, found 3 plugins.
Native extension for WindowsStandalone target not found
[Package Manager] Server::EnsureServerProcessIsRunning -- launch failed, reason: Unity was launched with the -noUpm command-line argument
[Package Manager] UpmClient::Send -- Unable to send message (not connected to UPM process).
[Package Manager] Cannot connect to Unity Package Manager local server
Mono: successfully reloaded assembly
- Finished resetting the current domain, in  0.526 seconds
Domain Reload Profiling: 818ms
	BeginReloadAssembly (96ms)
		ExecutionOrderSort (0ms)
		DisableScriptedObjects (3ms)
		BackupInstance (0ms)
		ReleaseScriptingObjects (0ms)
		CreateAndSetChildDomain (24ms)
	RebuildCommonClasses (18ms)
	RebuildNativeTypeToScriptingClass (6ms)
	initialDomainReloadingComplete (16ms)
	LoadAllAssembliesAndSetupDomain (155ms)
		LoadAssemblies (187ms)
		RebuildTransferFunctionScriptingTraits (0ms)
		AnalyzeDomain (16ms)
			TypeCache.Refresh (6ms)
				TypeCache.ScanAssembly (0ms)
			ScanForSourceGeneratedMonoScriptInfo (7ms)
			ResolveRequiredComponents (2ms)
	FinalizeReload (526ms)
		ReleaseScriptCaches (0ms)
		RebuildScriptCaches (0ms)
		SetupLoadedEditorAssemblies (319ms)
			LogAssemblyErrors (0ms)
			InitializePlatformSupportModulesInManaged (3ms)
			SetLoadedEditorAssemblies (3ms)
			RefreshPlugins (0ms)
			BeforeProcessingInitializeOnLoad (59ms)
			ProcessInitializeOnLoadAttributes (240ms)
			ProcessInitializeOnLoadMethodAttributes (10ms)
			AfterProcessingInitializeOnLoad (3ms)
			EditorAssembliesLoaded (0ms)
		ExecutionOrderSort2 (0ms)
		AwakeInstancesAfterBackupRestoration (3ms)
Refreshing native plugins compatible for Editor in 2.72 ms, found 3 plugins.
Preloading 0 native plugins for Editor in 0.00 ms.
Unloading 3488 Unused Serialized files (Serialized files now loaded: 0)
Unloading 34 unused Assets / (36.4 KB). Loaded Objects now: 3979.
Memory consumption went from 127.5 MB to 127.5 MB.
Total: 3.549900 ms (FindLiveObjects: 0.269600 ms CreateObjectMapping: 0.085900 ms MarkObjects: 3.129900 ms  DeleteObjects: 0.063300 ms)

Prepare: number of updated asset objects reloaded= 0
AssetImportParameters requested are different than current active one (requested -> active):
  custom:container-demuxer-ogg: 62fdf1f143b41e24485cea50d1cbac27 -> 
  custom:scripting/monoscript/fileName/GameManager.cs: f6182d712e34e20e3202214886862cdb -> 9933fbcc6190e2a9171c2ec8808a053e
  custom:video-codec-MediaFoundation-h265: 746d11721c4dcdbdad8f713fa42b33f4 -> 
  custom:video-decoder-ogg-theora: a1e56fd34408186e4bbccfd4996cb3dc -> 
  custom:scripting/monoscript/fileName/BallController.cs: 44441e984e22abd6eb3c44f80d41f4ff -> 8b2843f8e95c9276f203892e4a3e84a7
  custom:framework-win-MediaFoundation: 216162199b28c13a410421893ffa2e32 -> 
  custom:CustomObjectIndexerAttribute: 756ad292c208cfabdd7b50bc23989ffe -> 
  custom:container-demuxer-webm: 4f35f7cbe854078d1ac9338744f61a02 -> 
  custom:container-muxer-webm: aa71ff27fc2769a1b78a27578f13a17b -> 
  custom:video-decoder-webm-vp8: 9c59270c3fd7afecdb556c50c9e8de78 -> 
  custom:SearchIndexIgnoredProperties: e643bd26f0fe6173181afceb89e7c659 -> 
  custom:AudioImporter_EditorPlatform: d09bf68614088b80899f8185d706f6e7 -> 
  custom:scripting/monoscript/fileName/Trigger.cs: 53e2caecaa2865db36bb77d3d4775d3d -> 8f3e6f863b6cc36e752f3a66a14d0686
  custom:video-encoder-webm-vp8: eb34c28f22e8b96e1ab97ce403110664 -> 
  custom:audio-decoder-ogg-vorbis: bf7c407c2cedff20999df2af8eb42d56 -> 
  custom:audio-encoder-webm-vorbis: bf7c407c2cedff20999df2af8eb42d56 -> 
========================================================================
Received Import Request.
  Time since last request: 72.874320 seconds.
  path: Assets/Resources/MazeRoller Map.prefab
  artifactKey: Guid(5fc9df2479c192544993b8bfbb18e347) Importer(815301076,1909f56bfc062723c751e8b465ee728b)
Start importing Assets/Resources/MazeRoller Map.prefab using Guid(5fc9df2479c192544993b8bfbb18e347) Importer(815301076,1909f56bfc062723c751e8b465ee728b)  -> (artifact id: 'e768f43c4bf1cbd94a5dcbb868b99f43') in 0.040728 seconds
Number of updated asset objects reloaded before import = 0
Number of asset objects unloaded after import = 80
========================================================================
Received Import Request.
  Time since last request: 13.077908 seconds.
  path: Assets/Resources/MazeRoller Map.prefab
  artifactKey: Guid(5fc9df2479c192544993b8bfbb18e347) Importer(815301076,1909f56bfc062723c751e8b465ee728b)
Start importing Assets/Resources/MazeRoller Map.prefab using Guid(5fc9df2479c192544993b8bfbb18e347) Importer(815301076,1909f56bfc062723c751e8b465ee728b)  -> (artifact id: 'd7387a1a8367a2f8f2da2b2eb504fcce') in 0.006415 seconds
Number of updated asset objects reloaded before import = 0
Number of asset objects unloaded after import = 80
========================================================================
Received Prepare
Begin MonoManager ReloadAssembly
- Loaded All Assemblies, in  0.293 seconds
Refreshing native plugins compatible for Editor in 2.01 ms, found 3 plugins.
Native extension for WindowsStandalone target not found
[Package Manager] Server::EnsureServerProcessIsRunning -- launch failed, reason: Unity was launched with the -noUpm command-line argument
[Package Manager] UpmClient::Send -- Unable to send message (not connected to UPM process).
[Package Manager] Cannot connect to Unity Package Manager local server
Mono: successfully reloaded assembly
- Finished resetting the current domain, in  0.559 seconds
Domain Reload Profiling: 851ms
	BeginReloadAssembly (102ms)
		ExecutionOrderSort (0ms)
		DisableScriptedObjects (3ms)
		BackupInstance (0ms)
		ReleaseScriptingObjects (0ms)
		CreateAndSetChildDomain (26ms)
	RebuildCommonClasses (18ms)
	RebuildNativeTypeToScriptingClass (6ms)
	initialDomainReloadingComplete (17ms)
	LoadAllAssembliesAndSetupDomain (148ms)
		LoadAssemblies (190ms)
		RebuildTransferFunctionScriptingTraits (0ms)
		AnalyzeDomain (8ms)
			TypeCache.Refresh (4ms)
				TypeCache.ScanAssembly (0ms)
			ScanForSourceGeneratedMonoScriptInfo (0ms)
			ResolveRequiredComponents (3ms)
	FinalizeReload (560ms)
		ReleaseScriptCaches (0ms)
		RebuildScriptCaches (0ms)
		SetupLoadedEditorAssemblies (318ms)
			LogAssemblyErrors (0ms)
			InitializePlatformSupportModulesInManaged (3ms)
			SetLoadedEditorAssemblies (3ms)
			RefreshPlugins (0ms)
			BeforeProcessingInitializeOnLoad (56ms)
			ProcessInitializeOnLoadAttributes (242ms)
			ProcessInitializeOnLoadMethodAttributes (9ms)
			AfterProcessingInitializeOnLoad (4ms)
			EditorAssembliesLoaded (0ms)
		ExecutionOrderSort2 (0ms)
		AwakeInstancesAfterBackupRestoration (4ms)
Refreshing native plugins compatible for Editor in 1.92 ms, found 3 plugins.
Preloading 0 native plugins for Editor in 0.00 ms.
Unloading 3488 Unused Serialized files (Serialized files now loaded: 0)
Unloading 34 unused Assets / (36.4 KB). Loaded Objects now: 3982.
Memory consumption went from 127.5 MB to 127.5 MB.
Total: 2.826400 ms (FindLiveObjects: 0.156400 ms CreateObjectMapping: 0.047500 ms MarkObjects: 2.577000 ms  DeleteObjects: 0.044700 ms)

Prepare: number of updated asset objects reloaded= 0
AssetImportParameters requested are different than current active one (requested -> active):
  custom:container-demuxer-ogg: 62fdf1f143b41e24485cea50d1cbac27 -> 
  custom:scripting/monoscript/fileName/GameManager.cs: f6182d712e34e20e3202214886862cdb -> 9933fbcc6190e2a9171c2ec8808a053e
  custom:video-codec-MediaFoundation-h265: 746d11721c4dcdbdad8f713fa42b33f4 -> 
  custom:video-decoder-ogg-theora: a1e56fd34408186e4bbccfd4996cb3dc -> 
  custom:scripting/monoscript/fileName/BallController.cs: 44441e984e22abd6eb3c44f80d41f4ff -> 8b2843f8e95c9276f203892e4a3e84a7
  custom:framework-win-MediaFoundation: 216162199b28c13a410421893ffa2e32 -> 
  custom:CustomObjectIndexerAttribute: 756ad292c208cfabdd7b50bc23989ffe -> 
  custom:container-demuxer-webm: 4f35f7cbe854078d1ac9338744f61a02 -> 
  custom:container-muxer-webm: aa71ff27fc2769a1b78a27578f13a17b -> 
  custom:video-decoder-webm-vp8: 9c59270c3fd7afecdb556c50c9e8de78 -> 
  custom:SearchIndexIgnoredProperties: e643bd26f0fe6173181afceb89e7c659 -> 
  custom:AudioImporter_EditorPlatform: d09bf68614088b80899f8185d706f6e7 -> 
  custom:scripting/monoscript/fileName/Trigger.cs: 53e2caecaa2865db36bb77d3d4775d3d -> 8f3e6f863b6cc36e752f3a66a14d0686
  custom:video-encoder-webm-vp8: eb34c28f22e8b96e1ab97ce403110664 -> 
  custom:audio-decoder-ogg-vorbis: bf7c407c2cedff20999df2af8eb42d56 -> 
  custom:audio-encoder-webm-vorbis: bf7c407c2cedff20999df2af8eb42d56 -> 
========================================================================
Received Import Request.
  Time since last request: 186.430866 seconds.
  path: Assets/Resources/MazeRoller Map.prefab
  artifactKey: Guid(5fc9df2479c192544993b8bfbb18e347) Importer(815301076,1909f56bfc062723c751e8b465ee728b)
Start importing Assets/Resources/MazeRoller Map.prefab using Guid(5fc9df2479c192544993b8bfbb18e347) Importer(815301076,1909f56bfc062723c751e8b465ee728b)  -> (artifact id: '7d5547b8173cc2979cf3618ebdc6c2d5') in 0.040820 seconds
Number of updated asset objects reloaded before import = 0
Number of asset objects unloaded after import = 80
========================================================================
Received Import Request.
  Time since last request: 4.759376 seconds.
  path: Assets/Resources/MazeRoller Map.prefab
  artifactKey: Guid(5fc9df2479c192544993b8bfbb18e347) Importer(815301076,1909f56bfc062723c751e8b465ee728b)
Start importing Assets/Resources/MazeRoller Map.prefab using Guid(5fc9df2479c192544993b8bfbb18e347) Importer(815301076,1909f56bfc062723c751e8b465ee728b)  -> (artifact id: 'd9380eaf65fb8c97606280bf32defeb8') in 0.006029 seconds
Number of updated asset objects reloaded before import = 0
Number of asset objects unloaded after import = 80
========================================================================
Received Import Request.
  Time since last request: 24.407230 seconds.
  path: Assets/Resources/MazeRoller Map.prefab
  artifactKey: Guid(5fc9df2479c192544993b8bfbb18e347) Importer(815301076,1909f56bfc062723c751e8b465ee728b)
Start importing Assets/Resources/MazeRoller Map.prefab using Guid(5fc9df2479c192544993b8bfbb18e347) Importer(815301076,1909f56bfc062723c751e8b465ee728b)  -> (artifact id: 'dc9cb79654352396a7a18f881e0e8d92') in 0.007571 seconds
Number of updated asset objects reloaded before import = 0
Number of asset objects unloaded after import = 80
========================================================================
Received Import Request.
  Time since last request: 7.254916 seconds.
  path: Assets/Resources/MazeRoller Map.prefab
  artifactKey: Guid(5fc9df2479c192544993b8bfbb18e347) Importer(815301076,1909f56bfc062723c751e8b465ee728b)
Start importing Assets/Resources/MazeRoller Map.prefab using Guid(5fc9df2479c192544993b8bfbb18e347) Importer(815301076,1909f56bfc062723c751e8b465ee728b)  -> (artifact id: 'd2f4d268bd1229a2b68aad9ad686136d') in 0.005614 seconds
Number of updated asset objects reloaded before import = 0
Number of asset objects unloaded after import = 80
========================================================================
Received Import Request.
  Time since last request: 20.161253 seconds.
  path: Assets/Resources/MazeRoller Map.prefab
  artifactKey: Guid(5fc9df2479c192544993b8bfbb18e347) Importer(815301076,1909f56bfc062723c751e8b465ee728b)
Start importing Assets/Resources/MazeRoller Map.prefab using Guid(5fc9df2479c192544993b8bfbb18e347) Importer(815301076,1909f56bfc062723c751e8b465ee728b)  -> (artifact id: 'e0a2d5199cd4dffdaf2b6adf9670ad2b') in 0.009474 seconds
Number of updated asset objects reloaded before import = 0
Number of asset objects unloaded after import = 80
========================================================================
Received Import Request.
  Time since last request: 7.247397 seconds.
  path: Assets/Resources/MazeRoller Map.prefab
  artifactKey: Guid(5fc9df2479c192544993b8bfbb18e347) Importer(815301076,1909f56bfc062723c751e8b465ee728b)
Start importing Assets/Resources/MazeRoller Map.prefab using Guid(5fc9df2479c192544993b8bfbb18e347) Importer(815301076,1909f56bfc062723c751e8b465ee728b)  -> (artifact id: 'e7de0e3c73d0f1953190c67811a20256') in 0.005509 seconds
Number of updated asset objects reloaded before import = 0
Number of asset objects unloaded after import = 80
========================================================================
Received Import Request.
  Time since last request: 0.595896 seconds.
  path: Assets/Resources/MazeRoller Map.prefab
  artifactKey: Guid(5fc9df2479c192544993b8bfbb18e347) Importer(815301076,1909f56bfc062723c751e8b465ee728b)
Start importing Assets/Resources/MazeRoller Map.prefab using Guid(5fc9df2479c192544993b8bfbb18e347) Importer(815301076,1909f56bfc062723c751e8b465ee728b)  -> (artifact id: '91f6796de4a3bc55099abb9c11595949') in 0.005528 seconds
Number of updated asset objects reloaded before import = 0
Number of asset objects unloaded after import = 80
========================================================================
Received Import Request.
  Time since last request: 2.768686 seconds.
  path: Assets/Resources/MazeRoller Map.prefab
  artifactKey: Guid(5fc9df2479c192544993b8bfbb18e347) Importer(815301076,1909f56bfc062723c751e8b465ee728b)
Start importing Assets/Resources/MazeRoller Map.prefab using Guid(5fc9df2479c192544993b8bfbb18e347) Importer(815301076,1909f56bfc062723c751e8b465ee728b)  -> (artifact id: 'bcd6a38e665d0a90b6a3bd6036f36787') in 0.007282 seconds
Number of updated asset objects reloaded before import = 0
Number of asset objects unloaded after import = 80
========================================================================
Received Import Request.
  Time since last request: 5.645884 seconds.
  path: Assets/Resources/MazeRoller Map.prefab
  artifactKey: Guid(5fc9df2479c192544993b8bfbb18e347) Importer(815301076,1909f56bfc062723c751e8b465ee728b)
Start importing Assets/Resources/MazeRoller Map.prefab using Guid(5fc9df2479c192544993b8bfbb18e347) Importer(815301076,1909f56bfc062723c751e8b465ee728b)  -> (artifact id: '4361024f7818bbaaceaa53ceaaf8a5b2') in 0.006097 seconds
Number of updated asset objects reloaded before import = 0
Number of asset objects unloaded after import = 80
========================================================================
Received Import Request.
  Time since last request: 101.741273 seconds.
  path: Assets/Resources/MazeRoller Map.prefab
  artifactKey: Guid(5fc9df2479c192544993b8bfbb18e347) Importer(815301076,1909f56bfc062723c751e8b465ee728b)
Start importing Assets/Resources/MazeRoller Map.prefab using Guid(5fc9df2479c192544993b8bfbb18e347) Importer(815301076,1909f56bfc062723c751e8b465ee728b)  -> (artifact id: '3c4f8e0270484e7c3a38c84f9fae771f') in 0.007438 seconds
Number of updated asset objects reloaded before import = 0
Number of asset objects unloaded after import = 80
========================================================================
Received Prepare
Begin MonoManager ReloadAssembly
- Loaded All Assemblies, in  0.308 seconds
Refreshing native plugins compatible for Editor in 2.02 ms, found 3 plugins.
Native extension for WindowsStandalone target not found
[Package Manager] Server::EnsureServerProcessIsRunning -- launch failed, reason: Unity was launched with the -noUpm command-line argument
[Package Manager] UpmClient::Send -- Unable to send message (not connected to UPM process).
[Package Manager] Cannot connect to Unity Package Manager local server
Mono: successfully reloaded assembly
- Finished resetting the current domain, in  0.546 seconds
Domain Reload Profiling: 853ms
	BeginReloadAssembly (105ms)
		ExecutionOrderSort (0ms)
		DisableScriptedObjects (3ms)
		BackupInstance (0ms)
		ReleaseScriptingObjects (0ms)
		CreateAndSetChildDomain (27ms)
	RebuildCommonClasses (19ms)
	RebuildNativeTypeToScriptingClass (6ms)
	initialDomainReloadingComplete (17ms)
	LoadAllAssembliesAndSetupDomain (160ms)
		LoadAssemblies (193ms)
		RebuildTransferFunctionScriptingTraits (0ms)
		AnalyzeDomain (17ms)
			TypeCache.Refresh (6ms)
				TypeCache.ScanAssembly (0ms)
			ScanForSourceGeneratedMonoScriptInfo (7ms)
			ResolveRequiredComponents (3ms)
	FinalizeReload (547ms)
		ReleaseScriptCaches (0ms)
		RebuildScriptCaches (0ms)
		SetupLoadedEditorAssemblies (335ms)
			LogAssemblyErrors (0ms)
			InitializePlatformSupportModulesInManaged (4ms)
			SetLoadedEditorAssemblies (3ms)
			RefreshPlugins (0ms)
			BeforeProcessingInitializeOnLoad (58ms)
			ProcessInitializeOnLoadAttributes (254ms)
			ProcessInitializeOnLoadMethodAttributes (14ms)
			AfterProcessingInitializeOnLoad (3ms)
			EditorAssembliesLoaded (0ms)
		ExecutionOrderSort2 (0ms)
		AwakeInstancesAfterBackupRestoration (3ms)
Refreshing native plugins compatible for Editor in 3.69 ms, found 3 plugins.
Preloading 0 native plugins for Editor in 0.00 ms.
Unloading 3488 Unused Serialized files (Serialized files now loaded: 0)
Unloading 34 unused Assets / (36.4 KB). Loaded Objects now: 3985.
Memory consumption went from 127.5 MB to 127.5 MB.
Total: 2.338500 ms (FindLiveObjects: 0.252200 ms CreateObjectMapping: 0.087400 ms MarkObjects: 1.963900 ms  DeleteObjects: 0.034300 ms)

Prepare: number of updated asset objects reloaded= 0
AssetImportParameters requested are different than current active one (requested -> active):
  custom:container-demuxer-ogg: 62fdf1f143b41e24485cea50d1cbac27 -> 
  custom:scripting/monoscript/fileName/GameManager.cs: f6182d712e34e20e3202214886862cdb -> 9933fbcc6190e2a9171c2ec8808a053e
  custom:video-codec-MediaFoundation-h265: 746d11721c4dcdbdad8f713fa42b33f4 -> 
  custom:video-decoder-ogg-theora: a1e56fd34408186e4bbccfd4996cb3dc -> 
  custom:scripting/monoscript/fileName/BallController.cs: 44441e984e22abd6eb3c44f80d41f4ff -> 8b2843f8e95c9276f203892e4a3e84a7
  custom:framework-win-MediaFoundation: 216162199b28c13a410421893ffa2e32 -> 
  custom:CustomObjectIndexerAttribute: 756ad292c208cfabdd7b50bc23989ffe -> 
  custom:container-demuxer-webm: 4f35f7cbe854078d1ac9338744f61a02 -> 
  custom:container-muxer-webm: aa71ff27fc2769a1b78a27578f13a17b -> 
  custom:video-decoder-webm-vp8: 9c59270c3fd7afecdb556c50c9e8de78 -> 
  custom:SearchIndexIgnoredProperties: e643bd26f0fe6173181afceb89e7c659 -> 
  custom:AudioImporter_EditorPlatform: d09bf68614088b80899f8185d706f6e7 -> 
  custom:scripting/monoscript/fileName/Trigger.cs: 53e2caecaa2865db36bb77d3d4775d3d -> 8f3e6f863b6cc36e752f3a66a14d0686
  custom:video-encoder-webm-vp8: eb34c28f22e8b96e1ab97ce403110664 -> 
  custom:audio-decoder-ogg-vorbis: bf7c407c2cedff20999df2af8eb42d56 -> 
  custom:audio-encoder-webm-vorbis: bf7c407c2cedff20999df2af8eb42d56 -> 
========================================================================
Received Import Request.
  Time since last request: 3.558951 seconds.
  path: Assets/Resources/MazeRoller Map.prefab
  artifactKey: Guid(5fc9df2479c192544993b8bfbb18e347) Importer(815301076,1909f56bfc062723c751e8b465ee728b)
Start importing Assets/Resources/MazeRoller Map.prefab using Guid(5fc9df2479c192544993b8bfbb18e347) Importer(815301076,1909f56bfc062723c751e8b465ee728b)  -> (artifact id: '32159a0f2fff57c4e06798626743aad5') in 0.039166 seconds
Number of updated asset objects reloaded before import = 0
Number of asset objects unloaded after import = 80
========================================================================
Received Import Request.
  Time since last request: 0.141164 seconds.
  path: Assets/Resources/MazeRoller Map.prefab
  artifactKey: Guid(5fc9df2479c192544993b8bfbb18e347) Importer(815301076,1909f56bfc062723c751e8b465ee728b)
Start importing Assets/Resources/MazeRoller Map.prefab using Guid(5fc9df2479c192544993b8bfbb18e347) Importer(815301076,1909f56bfc062723c751e8b465ee728b)  -> (artifact id: 'f3d24781da7b78baae8653bc63007f70') in 0.008263 seconds
Number of updated asset objects reloaded before import = 0
Number of asset objects unloaded after import = 80
========================================================================
Received Import Request.
  Time since last request: 3060.849522 seconds.
  path: Assets/Resources/MazeRoller Map.prefab
  artifactKey: Guid(5fc9df2479c192544993b8bfbb18e347) Importer(815301076,1909f56bfc062723c751e8b465ee728b)
Start importing Assets/Resources/MazeRoller Map.prefab using Guid(5fc9df2479c192544993b8bfbb18e347) Importer(815301076,1909f56bfc062723c751e8b465ee728b)  -> (artifact id: 'c3c2f4a2f8c8eceaf177b0e6347b0881') in 0.026843 seconds
Number of updated asset objects reloaded before import = 0
Number of asset objects unloaded after import = 80
========================================================================
Received Import Request.
  Time since last request: 10.480336 seconds.
  path: Assets/Resources/MazeRoller Map.prefab
  artifactKey: Guid(5fc9df2479c192544993b8bfbb18e347) Importer(815301076,1909f56bfc062723c751e8b465ee728b)
Start importing Assets/Resources/MazeRoller Map.prefab using Guid(5fc9df2479c192544993b8bfbb18e347) Importer(815301076,1909f56bfc062723c751e8b465ee728b)  -> (artifact id: '06a164afda7d940434fff8b971bcb8ac') in 0.006628 seconds
Number of updated asset objects reloaded before import = 0
Number of asset objects unloaded after import = 80
========================================================================
Received Import Request.
  Time since last request: 13.446229 seconds.
  path: Assets/Resources/MazeRoller Map.prefab
  artifactKey: Guid(5fc9df2479c192544993b8bfbb18e347) Importer(815301076,1909f56bfc062723c751e8b465ee728b)
Start importing Assets/Resources/MazeRoller Map.prefab using Guid(5fc9df2479c192544993b8bfbb18e347) Importer(815301076,1909f56bfc062723c751e8b465ee728b)  -> (artifact id: 'cd357e76cff5ad51118652ae810002e1') in 0.006065 seconds
Number of updated asset objects reloaded before import = 0
Number of asset objects unloaded after import = 80
========================================================================
Received Import Request.
  Time since last request: 6.251396 seconds.
  path: Assets/Resources/MazeRoller Map.prefab
  artifactKey: Guid(5fc9df2479c192544993b8bfbb18e347) Importer(815301076,1909f56bfc062723c751e8b465ee728b)
Start importing Assets/Resources/MazeRoller Map.prefab using Guid(5fc9df2479c192544993b8bfbb18e347) Importer(815301076,1909f56bfc062723c751e8b465ee728b)  -> (artifact id: '75ad30327db61c093b93c169b70b2190') in 0.005210 seconds
Number of updated asset objects reloaded before import = 0
Number of asset objects unloaded after import = 80
